<?xml version="1.0" encoding="UTF-8"?>
<testng-results ignored="0" total="5" passed="4" failed="1" skipped="0">
  <reporter-output>
  </reporter-output>
  <suite started-at="2019-12-10T16:17:56 CST" name="rest-assured-example-TestSuite" finished-at="2019-12-10T16:17:58 CST" duration-ms="2927">
    <groups>
    </groups>
    <test started-at="2019-12-10T16:17:56 CST" name="getWeatherRequests" finished-at="2019-12-10T16:17:58 CST" duration-ms="2927">
      <class name="getWeatherRequests.GetWeatherByCityName">
        <test-method is-config="true" signature="callWeatherEndpoint()[pri:0, instance:getWeatherRequests.GetWeatherByCityName@12c8a2c0]" started-at="2019-12-10T16:17:56 CST" name="callWeatherEndpoint" finished-at="2019-12-10T16:17:58 CST" duration-ms="2067" status="PASS">
          <reporter-output>
          </reporter-output>
        </test-method> <!-- callWeatherEndpoint -->
        <test-method signature="testResponseCodeIs200()[pri:1, instance:getWeatherRequests.GetWeatherByCityName@12c8a2c0]" started-at="2019-12-10T16:17:58 CST" name="testResponseCodeIs200" finished-at="2019-12-10T16:17:58 CST" duration-ms="35" status="PASS">
          <reporter-output>
          </reporter-output>
        </test-method> <!-- testResponseCodeIs200 -->
        <test-method signature="testResponseSchema()[pri:3, instance:getWeatherRequests.GetWeatherByCityName@12c8a2c0]" started-at="2019-12-10T16:17:58 CST" name="testResponseSchema" finished-at="2019-12-10T16:17:58 CST" duration-ms="832" status="PASS">
          <reporter-output>
          </reporter-output>
        </test-method> <!-- testResponseSchema -->
        <test-method signature="testResponseBodyIsNotEmpty()[pri:2, instance:getWeatherRequests.GetWeatherByCityName@12c8a2c0]" started-at="2019-12-10T16:17:58 CST" name="testResponseBodyIsNotEmpty" finished-at="2019-12-10T16:17:58 CST" duration-ms="161" status="PASS">
          <reporter-output>
          </reporter-output>
        </test-method> <!-- testResponseBodyIsNotEmpty -->
        <test-method signature="testResponseSchemaWrong()[pri:4, instance:getWeatherRequests.GetWeatherByCityName@12c8a2c0]" started-at="2019-12-10T16:17:58 CST" name="testResponseSchemaWrong" finished-at="2019-12-10T16:17:58 CST" duration-ms="801" status="FAIL">
          <exception class="java.lang.AssertionError">
            <message>
              <![CDATA[1 expectation failed.
Response body doesn't match expectation.
Expected: The content to match the given JSON schema.
warning: the following keywords are unknown and will be ignored: [examples]
    level: "warning"
    schema: {"loadingURI":"file:/Users/sergiof/eclipse-workspace/rest-assured-example/target/test-classes/json/schemas/city-weather-schema-wrong.json#","pointer":"/properties/wrongProperty1"}
    domain: "syntax"
    ignored: ["examples"]
warning: the following keywords are unknown and will be ignored: [examples]
    level: "warning"
    schema: {"loadingURI":"file:/Users/sergiof/eclipse-workspace/rest-assured-example/target/test-classes/json/schemas/city-weather-schema-wrong.json#","pointer":"/properties/wrongProperty2"}
    domain: "syntax"
    ignored: ["examples"]
error: object has missing required properties (["wrongProperty1","wrongPropety2"])
    level: "error"
    schema: {"loadingURI":"file:/Users/sergiof/eclipse-workspace/rest-assured-example/target/test-classes/json/schemas/city-weather-schema-wrong.json#","pointer":""}
    instance: {"pointer":""}
    domain: "validation"
    keyword: "required"
    required: ["wrongProperty1","wrongPropety2"]
    missing: ["wrongProperty1","wrongPropety2"]

  Actual: {"coord":{"lon":-0.13,"lat":51.51},"weather":[{"id":300,"main":"Drizzle","description":"light intensity drizzle","icon":"09d"}],"base":"stations","main":{"temp":280.32,"pressure":1012,"humidity":81,"temp_min":279.15,"temp_max":281.15},"visibility":10000,"wind":{"speed":4.1,"deg":80},"clouds":{"all":90},"dt":1485789600,"sys":{"type":1,"id":5091,"message":0.0103,"country":"GB","sunrise":1485762037,"sunset":1485794875},"id":2643743,"name":"London","cod":200}
]]>
            </message>
            <full-stacktrace>
              <![CDATA[java.lang.AssertionError: 1 expectation failed.
Response body doesn't match expectation.
Expected: The content to match the given JSON schema.
warning: the following keywords are unknown and will be ignored: [examples]
    level: "warning"
    schema: {"loadingURI":"file:/Users/sergiof/eclipse-workspace/rest-assured-example/target/test-classes/json/schemas/city-weather-schema-wrong.json#","pointer":"/properties/wrongProperty1"}
    domain: "syntax"
    ignored: ["examples"]
warning: the following keywords are unknown and will be ignored: [examples]
    level: "warning"
    schema: {"loadingURI":"file:/Users/sergiof/eclipse-workspace/rest-assured-example/target/test-classes/json/schemas/city-weather-schema-wrong.json#","pointer":"/properties/wrongProperty2"}
    domain: "syntax"
    ignored: ["examples"]
error: object has missing required properties (["wrongProperty1","wrongPropety2"])
    level: "error"
    schema: {"loadingURI":"file:/Users/sergiof/eclipse-workspace/rest-assured-example/target/test-classes/json/schemas/city-weather-schema-wrong.json#","pointer":""}
    instance: {"pointer":""}
    domain: "validation"
    keyword: "required"
    required: ["wrongProperty1","wrongPropety2"]
    missing: ["wrongProperty1","wrongPropety2"]

  Actual: {"coord":{"lon":-0.13,"lat":51.51},"weather":[{"id":300,"main":"Drizzle","description":"light intensity drizzle","icon":"09d"}],"base":"stations","main":{"temp":280.32,"pressure":1012,"humidity":81,"temp_min":279.15,"temp_max":281.15},"visibility":10000,"wind":{"speed":4.1,"deg":80},"clouds":{"all":90},"dt":1485789600,"sys":{"type":1,"id":5091,"message":0.0103,"country":"GB","sunrise":1485762037,"sunset":1485794875},"id":2643743,"name":"London","cod":200}

at java.base/jdk.internal.reflect.NativeConstructorAccessorImpl.newInstance0(Native Method)
at java.base/jdk.internal.reflect.NativeConstructorAccessorImpl.newInstance(NativeConstructorAccessorImpl.java:62)
at java.base/jdk.internal.reflect.DelegatingConstructorAccessorImpl.newInstance(DelegatingConstructorAccessorImpl.java:45)
at java.base/java.lang.reflect.Constructor.newInstanceWithCaller(Constructor.java:500)
at java.base/java.lang.reflect.Constructor.newInstance(Constructor.java:481)
at org.codehaus.groovy.reflection.CachedConstructor.invoke(CachedConstructor.java:80)
at org.codehaus.groovy.reflection.CachedConstructor.doConstructorInvoke(CachedConstructor.java:74)
at org.codehaus.groovy.runtime.callsite.ConstructorSite$ConstructorSiteNoUnwrap.callConstructor(ConstructorSite.java:84)
at org.codehaus.groovy.runtime.callsite.CallSiteArray.defaultCallConstructor(CallSiteArray.java:59)
at org.codehaus.groovy.runtime.callsite.AbstractCallSite.callConstructor(AbstractCallSite.java:237)
at org.codehaus.groovy.runtime.callsite.AbstractCallSite.callConstructor(AbstractCallSite.java:249)
at io.restassured.internal.ResponseSpecificationImpl$HamcrestAssertionClosure.validate(ResponseSpecificationImpl.groovy:493)
at io.restassured.internal.ResponseSpecificationImpl$HamcrestAssertionClosure$validate$1.call(Unknown Source)
at io.restassured.internal.ResponseSpecificationImpl.validateResponseIfRequired(ResponseSpecificationImpl.groovy:674)
at java.base/jdk.internal.reflect.NativeMethodAccessorImpl.invoke0(Native Method)
at java.base/jdk.internal.reflect.NativeMethodAccessorImpl.invoke(NativeMethodAccessorImpl.java:62)
at java.base/jdk.internal.reflect.DelegatingMethodAccessorImpl.invoke(DelegatingMethodAccessorImpl.java:43)
at java.base/java.lang.reflect.Method.invoke(Method.java:567)
at org.codehaus.groovy.runtime.callsite.PlainObjectMetaMethodSite.doInvoke(PlainObjectMetaMethodSite.java:43)
at org.codehaus.groovy.runtime.callsite.PogoMetaMethodSite$PogoCachedMethodSiteNoUnwrapNoCoerce.invoke(PogoMetaMethodSite.java:190)
at org.codehaus.groovy.runtime.callsite.PogoMetaMethodSite.callCurrent(PogoMetaMethodSite.java:58)
at org.codehaus.groovy.runtime.callsite.AbstractCallSite.callCurrent(AbstractCallSite.java:168)
at org.codehaus.groovy.runtime.callsite.AbstractCallSite.callCurrent(AbstractCallSite.java:166)
at io.restassured.internal.ResponseSpecificationImpl.body(ResponseSpecificationImpl.groovy:98)
at io.restassured.internal.ValidatableResponseOptionsImpl.body(ValidatableResponseOptionsImpl.java:238)
at io.restassured.internal.ValidatableResponseImpl.super$2$body(ValidatableResponseImpl.groovy)
at java.base/jdk.internal.reflect.NativeMethodAccessorImpl.invoke0(Native Method)
at java.base/jdk.internal.reflect.NativeMethodAccessorImpl.invoke(NativeMethodAccessorImpl.java:62)
at java.base/jdk.internal.reflect.DelegatingMethodAccessorImpl.invoke(DelegatingMethodAccessorImpl.java:43)
at java.base/java.lang.reflect.Method.invoke(Method.java:567)
at org.codehaus.groovy.reflection.CachedMethod.invoke(CachedMethod.java:101)
at groovy.lang.MetaMethod.doMethodInvoke(MetaMethod.java:323)
at groovy.lang.MetaClassImpl.invokeMethod(MetaClassImpl.java:1217)
at org.codehaus.groovy.runtime.ScriptBytecodeAdapter.invokeMethodOnSuperN(ScriptBytecodeAdapter.java:144)
at io.restassured.internal.ValidatableResponseImpl.body(ValidatableResponseImpl.groovy:293)
at io.restassured.internal.ValidatableResponseImpl.body(ValidatableResponseImpl.groovy)
at getWeatherRequests.GetWeatherByCityName.testResponseSchemaWrong(GetWeatherByCityName.java:85)
at java.base/jdk.internal.reflect.NativeMethodAccessorImpl.invoke0(Native Method)
at java.base/jdk.internal.reflect.NativeMethodAccessorImpl.invoke(NativeMethodAccessorImpl.java:62)
at java.base/jdk.internal.reflect.DelegatingMethodAccessorImpl.invoke(DelegatingMethodAccessorImpl.java:43)
at java.base/java.lang.reflect.Method.invoke(Method.java:567)
at org.testng.internal.MethodInvocationHelper.invokeMethod(MethodInvocationHelper.java:133)
at org.testng.internal.TestInvoker.invokeMethod(TestInvoker.java:584)
at org.testng.internal.TestInvoker.invokeTestMethod(TestInvoker.java:172)
at org.testng.internal.MethodRunner.runInSequence(MethodRunner.java:46)
at org.testng.internal.TestInvoker$MethodInvocationAgent.invoke(TestInvoker.java:804)
at org.testng.internal.TestInvoker.invokeTestMethods(TestInvoker.java:145)
at org.testng.internal.TestMethodWorker.invokeTestMethods(TestMethodWorker.java:146)
at org.testng.internal.TestMethodWorker.run(TestMethodWorker.java:128)
at java.base/java.util.concurrent.ThreadPoolExecutor.runWorker(ThreadPoolExecutor.java:1128)
at java.base/java.util.concurrent.ThreadPoolExecutor$Worker.run(ThreadPoolExecutor.java:628)
at java.base/java.lang.Thread.run(Thread.java:830)
]]>
            </full-stacktrace>
          </exception> <!-- java.lang.AssertionError -->
          <reporter-output>
          </reporter-output>
        </test-method> <!-- testResponseSchemaWrong -->
        <test-method signature="testResponseTime()[pri:5, instance:getWeatherRequests.GetWeatherByCityName@12c8a2c0]" started-at="2019-12-10T16:17:58 CST" name="testResponseTime" finished-at="2019-12-10T16:17:58 CST" duration-ms="38" status="PASS">
          <reporter-output>
          </reporter-output>
        </test-method> <!-- testResponseTime -->
      </class> <!-- getWeatherRequests.GetWeatherByCityName -->
    </test> <!-- getWeatherRequests -->
  </suite> <!-- rest-assured-example-TestSuite -->
</testng-results>
