<?xml version="1.0" encoding="UTF-8"?>
<!-- Generated by org.testng.reporters.JUnitReportReporter -->
<testsuite skipped="0" hostname="Sergios-MacBook-Pro-2.local" name="getWeatherRequests.GetWeatherByCityName" tests="5" failures="1" timestamp="2019-12-09T14:54:16 CST" time="1.056" errors="0">
  <testcase name="testResponseCodeIs200" time="0.025" classname="getWeatherRequests.GetWeatherByCityName"/>
  <testcase name="testResponseBodyIsNotEmpty" time="0.147" classname="getWeatherRequests.GetWeatherByCityName"/>
  <testcase name="testResponseSchema" time="0.860" classname="getWeatherRequests.GetWeatherByCityName"/>
  <testcase name="testResponseSchemaWrong" time="0.013" classname="getWeatherRequests.GetWeatherByCityName">
    <failure type="java.lang.AssertionError" message="1 expectation failed.
Response body doesn&#039;t match expectation.
Expected: The content to match the given JSON schema.
warning: the following keywords are unknown and will be ignored: [examples]
    level: &quot;warning&quot;
    schema: {&quot;loadingURI&quot;:&quot;file:/Users/sergiof/eclipse-workspace/rest-assured-example/target/test-classes/json/schemas/city-weather-schema-wrong.json#&quot;,&quot;pointer&quot;:&quot;/properties/wrongProperty1&quot;}
    domain: &quot;syntax&quot;
    ignored: [&quot;examples&quot;]
warning: the following keywords are unknown and will be ignored: [examples]
    level: &quot;warning&quot;
    schema: {&quot;loadingURI&quot;:&quot;file:/Users/sergiof/eclipse-workspace/rest-assured-example/target/test-classes/json/schemas/city-weather-schema-wrong.json#&quot;,&quot;pointer&quot;:&quot;/properties/wrongProperty2&quot;}
    domain: &quot;syntax&quot;
    ignored: [&quot;examples&quot;]
error: object has missing required properties ([&quot;wrongProperty1&quot;,&quot;wrongPropety2&quot;])
    level: &quot;error&quot;
    schema: {&quot;loadingURI&quot;:&quot;file:/Users/sergiof/eclipse-workspace/rest-assured-example/target/test-classes/json/schemas/city-weather-schema-wrong.json#&quot;,&quot;pointer&quot;:&quot;&quot;}
    instance: {&quot;pointer&quot;:&quot;&quot;}
    domain: &quot;validation&quot;
    keyword: &quot;required&quot;
    required: [&quot;wrongProperty1&quot;,&quot;wrongPropety2&quot;]
    missing: [&quot;wrongProperty1&quot;,&quot;wrongPropety2&quot;]

  Actual: {&quot;coord&quot;:{&quot;lon&quot;:-0.13,&quot;lat&quot;:51.51},&quot;weather&quot;:[{&quot;id&quot;:300,&quot;main&quot;:&quot;Drizzle&quot;,&quot;description&quot;:&quot;light intensity drizzle&quot;,&quot;icon&quot;:&quot;09d&quot;}],&quot;base&quot;:&quot;stations&quot;,&quot;main&quot;:{&quot;temp&quot;:280.32,&quot;pressure&quot;:1012,&quot;humidity&quot;:81,&quot;temp_min&quot;:279.15,&quot;temp_max&quot;:281.15},&quot;visibility&quot;:10000,&quot;wind&quot;:{&quot;speed&quot;:4.1,&quot;deg&quot;:80},&quot;clouds&quot;:{&quot;all&quot;:90},&quot;dt&quot;:1485789600,&quot;sys&quot;:{&quot;type&quot;:1,&quot;id&quot;:5091,&quot;message&quot;:0.0103,&quot;country&quot;:&quot;GB&quot;,&quot;sunrise&quot;:1485762037,&quot;sunset&quot;:1485794875},&quot;id&quot;:2643743,&quot;name&quot;:&quot;London&quot;,&quot;cod&quot;:200}
">
      <![CDATA[java.lang.AssertionError: 1 expectation failed.
Response body doesn't match expectation.
Expected: The content to match the given JSON schema.
warning: the following keywords are unknown and will be ignored: [examples]
    level: "warning"
    schema: {"loadingURI":"file:/Users/sergiof/eclipse-workspace/rest-assured-example/target/test-classes/json/schemas/city-weather-schema-wrong.json#","pointer":"/properties/wrongProperty1"}
    domain: "syntax"
    ignored: ["examples"]
warning: the following keywords are unknown and will be ignored: [examples]
    level: "warning"
    schema: {"loadingURI":"file:/Users/sergiof/eclipse-workspace/rest-assured-example/target/test-classes/json/schemas/city-weather-schema-wrong.json#","pointer":"/properties/wrongProperty2"}
    domain: "syntax"
    ignored: ["examples"]
error: object has missing required properties (["wrongProperty1","wrongPropety2"])
    level: "error"
    schema: {"loadingURI":"file:/Users/sergiof/eclipse-workspace/rest-assured-example/target/test-classes/json/schemas/city-weather-schema-wrong.json#","pointer":""}
    instance: {"pointer":""}
    domain: "validation"
    keyword: "required"
    required: ["wrongProperty1","wrongPropety2"]
    missing: ["wrongProperty1","wrongPropety2"]

  Actual: {"coord":{"lon":-0.13,"lat":51.51},"weather":[{"id":300,"main":"Drizzle","description":"light intensity drizzle","icon":"09d"}],"base":"stations","main":{"temp":280.32,"pressure":1012,"humidity":81,"temp_min":279.15,"temp_max":281.15},"visibility":10000,"wind":{"speed":4.1,"deg":80},"clouds":{"all":90},"dt":1485789600,"sys":{"type":1,"id":5091,"message":0.0103,"country":"GB","sunrise":1485762037,"sunset":1485794875},"id":2643743,"name":"London","cod":200}

at sun.reflect.NativeConstructorAccessorImpl.newInstance0(Native Method)
at sun.reflect.NativeConstructorAccessorImpl.newInstance(NativeConstructorAccessorImpl.java:62)
at sun.reflect.DelegatingConstructorAccessorImpl.newInstance(DelegatingConstructorAccessorImpl.java:45)
at java.lang.reflect.Constructor.newInstance(Constructor.java:423)
at org.codehaus.groovy.reflection.CachedConstructor.invoke(CachedConstructor.java:80)
at org.codehaus.groovy.reflection.CachedConstructor.doConstructorInvoke(CachedConstructor.java:74)
at org.codehaus.groovy.runtime.callsite.ConstructorSite$ConstructorSiteNoUnwrap.callConstructor(ConstructorSite.java:84)
at org.codehaus.groovy.runtime.callsite.CallSiteArray.defaultCallConstructor(CallSiteArray.java:59)
at org.codehaus.groovy.runtime.callsite.AbstractCallSite.callConstructor(AbstractCallSite.java:237)
at org.codehaus.groovy.runtime.callsite.AbstractCallSite.callConstructor(AbstractCallSite.java:249)
at io.restassured.internal.ResponseSpecificationImpl$HamcrestAssertionClosure.validate(ResponseSpecificationImpl.groovy:493)
at io.restassured.internal.ResponseSpecificationImpl$HamcrestAssertionClosure$validate$1.call(Unknown Source)
at io.restassured.internal.ResponseSpecificationImpl.validateResponseIfRequired(ResponseSpecificationImpl.groovy:674)
at sun.reflect.NativeMethodAccessorImpl.invoke0(Native Method)
at sun.reflect.NativeMethodAccessorImpl.invoke(NativeMethodAccessorImpl.java:62)
at sun.reflect.DelegatingMethodAccessorImpl.invoke(DelegatingMethodAccessorImpl.java:43)
at java.lang.reflect.Method.invoke(Method.java:498)
at org.codehaus.groovy.runtime.callsite.PlainObjectMetaMethodSite.doInvoke(PlainObjectMetaMethodSite.java:43)
at org.codehaus.groovy.runtime.callsite.PogoMetaMethodSite$PogoCachedMethodSiteNoUnwrapNoCoerce.invoke(PogoMetaMethodSite.java:190)
at org.codehaus.groovy.runtime.callsite.PogoMetaMethodSite.callCurrent(PogoMetaMethodSite.java:58)
at org.codehaus.groovy.runtime.callsite.AbstractCallSite.callCurrent(AbstractCallSite.java:168)
at io.restassured.internal.ResponseSpecificationImpl.body(ResponseSpecificationImpl.groovy:98)
at io.restassured.internal.ValidatableResponseOptionsImpl.body(ValidatableResponseOptionsImpl.java:238)
at io.restassured.internal.ValidatableResponseImpl.super$2$body(ValidatableResponseImpl.groovy)
at sun.reflect.NativeMethodAccessorImpl.invoke0(Native Method)
at sun.reflect.NativeMethodAccessorImpl.invoke(NativeMethodAccessorImpl.java:62)
at sun.reflect.DelegatingMethodAccessorImpl.invoke(DelegatingMethodAccessorImpl.java:43)
at java.lang.reflect.Method.invoke(Method.java:498)
at org.codehaus.groovy.reflection.CachedMethod.invoke(CachedMethod.java:101)
at groovy.lang.MetaMethod.doMethodInvoke(MetaMethod.java:323)
at groovy.lang.MetaClassImpl.invokeMethod(MetaClassImpl.java:1217)
at org.codehaus.groovy.runtime.ScriptBytecodeAdapter.invokeMethodOnSuperN(ScriptBytecodeAdapter.java:144)
at io.restassured.internal.ValidatableResponseImpl.body(ValidatableResponseImpl.groovy:293)
at io.restassured.internal.ValidatableResponseImpl.body(ValidatableResponseImpl.groovy)
at getWeatherRequests.GetWeatherByCityName.testResponseSchemaWrong(GetWeatherByCityName.java:81)
at sun.reflect.NativeMethodAccessorImpl.invoke0(Native Method)
at sun.reflect.NativeMethodAccessorImpl.invoke(NativeMethodAccessorImpl.java:62)
at sun.reflect.DelegatingMethodAccessorImpl.invoke(DelegatingMethodAccessorImpl.java:43)
at java.lang.reflect.Method.invoke(Method.java:498)
at org.testng.internal.MethodInvocationHelper.invokeMethod(MethodInvocationHelper.java:133)
at org.testng.internal.TestInvoker.invokeMethod(TestInvoker.java:584)
at org.testng.internal.TestInvoker.invokeTestMethod(TestInvoker.java:172)
at org.testng.internal.MethodRunner.runInSequence(MethodRunner.java:46)
at org.testng.internal.TestInvoker$MethodInvocationAgent.invoke(TestInvoker.java:804)
at org.testng.internal.TestInvoker.invokeTestMethods(TestInvoker.java:145)
at org.testng.internal.TestMethodWorker.invokeTestMethods(TestMethodWorker.java:146)
at org.testng.internal.TestMethodWorker.run(TestMethodWorker.java:128)
at java.util.ArrayList.forEach(ArrayList.java:1257)
at org.testng.TestRunner.privateRun(TestRunner.java:770)
at org.testng.TestRunner.run(TestRunner.java:591)
at org.testng.SuiteRunner.runTest(SuiteRunner.java:402)
at org.testng.SuiteRunner.runSequentially(SuiteRunner.java:396)
at org.testng.SuiteRunner.privateRun(SuiteRunner.java:355)
at org.testng.SuiteRunner.run(SuiteRunner.java:304)
at org.testng.SuiteRunnerWorker.runSuite(SuiteRunnerWorker.java:53)
at org.testng.SuiteRunnerWorker.run(SuiteRunnerWorker.java:96)
at org.testng.TestNG.runSuitesSequentially(TestNG.java:1180)
at org.testng.TestNG.runSuitesLocally(TestNG.java:1102)
at org.testng.TestNG.runSuites(TestNG.java:1032)
at org.testng.TestNG.run(TestNG.java:1000)
at org.testng.remote.AbstractRemoteTestNG.run(AbstractRemoteTestNG.java:115)
at org.testng.remote.RemoteTestNG.initAndRun(RemoteTestNG.java:251)
at org.testng.remote.RemoteTestNG.main(RemoteTestNG.java:77)
]]>
    </failure>
  </testcase> <!-- testResponseSchemaWrong -->
  <testcase name="testResponseTime" time="0.011" classname="getWeatherRequests.GetWeatherByCityName"/>
</testsuite> <!-- getWeatherRequests.GetWeatherByCityName -->
